<?xml version="1.0" encoding="UTF-8"?>
<!-- Generated by org.testng.reporters.JUnitReportReporter -->
<testsuite hostname="NTS-SwatiMungal" failures="0" tests="1" name="tests.testPage" time="18.868" errors="0" timestamp="2022-06-29T22:28:38 IST" skipped="0">
  <testcase classname="tests.testPage" name="testOne" time="18.868"/>
  <system-out/>
</testsuite> <!-- tests.testPage -->
