<?xml version="1.0" encoding="UTF-8"?>
<!-- Generated by org.testng.reporters.JUnitReportReporter -->
<testsuite hostname="NTS-SwatiMungal" failures="0" tests="2" name="Base.BasePage" time="10.844" errors="0" timestamp="2022-06-29T19:45:20 IST" skipped="0">
  <testcase classname="Base.BasePage" name="cleanup" time="0.003"/>
  <system-out/>
  <testcase classname="Base.BasePage" name="setup" time="10.841"/>
  <system-out/>
</testsuite> <!-- Base.BasePage -->
